<?xml version="1.0" encoding="UTF-8"?>
<!-- Generated by org.testng.reporters.JUnitReportReporter -->
<testsuite hostname="Satya-PC" name="scripts.Scenario_Search" tests="4" failures="0" timestamp="8 Jun 2017 19:30:24 GMT" time="108.903" errors="0">
  <testcase name="validsearch" time="23.145" classname="scripts.Scenario_Search"/>
  <testcase name="validsearch" time="32.254" classname="scripts.Scenario_Search"/>
  <testcase name="invalidsearch" time="24.476" classname="scripts.Scenario_Search"/>
  <testcase name="validsearch" time="29.028" classname="scripts.Scenario_Search"/>
</testsuite> <!-- scripts.Scenario_Search -->
