<?xml version="1.0" encoding="UTF-8"?>
<!-- Generated by org.testng.reporters.JUnitReportReporter -->
<testsuite hostname="Satya-PC" name="scripts.Scenario_UpdateCart" tests="2" failures="0" timestamp="24 Jun 2017 18:21:31 GMT" time="21.692" errors="0">
  <testcase name="updateBook" time="1.276" classname="scripts.Scenario_UpdateCart"/>
  <testcase name="addbook" time="20.416" classname="scripts.Scenario_UpdateCart"/>
</testsuite> <!-- scripts.Scenario_UpdateCart -->
