<?xml version="1.0" encoding="UTF-8"?>
<!-- Generated by org.testng.reporters.JUnitReportReporter -->
<testsuite hostname="Satya-PC" name="scripts.Scenario_Cart" tests="2" failures="0" timestamp="22 Jul 2017 08:58:22 GMT" time="32.185" errors="0">
  <testcase name="addbook" time="31.757" classname="scripts.Scenario_Cart"/>
  <testcase name="deletebook" time="0.428" classname="scripts.Scenario_Cart"/>
</testsuite> <!-- scripts.Scenario_Cart -->
